<?xml version="1.0" encoding="UTF-8"?>
<testsuite name="com.example.lab2_sspr.JUnitControllerTest" tests="3" skipped="0" failures="0" errors="0" timestamp="2022-10-16T20:04:31" hostname="DESKTOP-GM8MHUN" time="0.013">
  <properties/>
  <testcase name="testHomeController()" classname="com.example.lab2_sspr.JUnitControllerTest" time="0.011"/>
  <testcase name="testHomeController2()" classname="com.example.lab2_sspr.JUnitControllerTest" time="0.001"/>
  <testcase name="testHomeController3()" classname="com.example.lab2_sspr.JUnitControllerTest" time="0.0"/>
  <system-out><![CDATA[]]></system-out>
  <system-err><![CDATA[]]></system-err>
</testsuite>
